Flow report for BeInMotion
Wed Feb 06 19:37:24 2013
Quartus II 32-bit Version 11.1 Build 216 11/23/2011 Service Pack 1 SJ Web Edition


---------------------
; Table of Contents ;
---------------------
  1. Legal Notice
  2. Flow Summary
  3. Flow Settings
  4. Flow Non-Default Global Settings
  5. Flow Elapsed Time
  6. Flow OS Summary
  7. Flow Log



----------------
; Legal Notice ;
----------------
Copyright (C) 1991-2011 Altera Corporation
Your use of Altera Corporation's design tools, logic functions 
and other software and tools, and its AMPP partner logic 
functions, and any output files from any of the foregoing 
(including device programming or simulation files), and any 
associated documentation or information are expressly subject 
to the terms and conditions of the Altera Program License 
Subscription Agreement, Altera MegaCore Function License 
Agreement, or other applicable license agreement, including, 
without limitation, that your use is for the sole purpose of 
programming logic devices manufactured by Altera and sold by 
Altera or its authorized distributors.  Please refer to the 
applicable agreement for further details.



+------------------------------------------------------------------------------------+
; Flow Summary                                                                       ;
+------------------------------------+-----------------------------------------------+
; Flow Status                        ; Successful - Wed Feb 06 19:37:02 2013         ;
; Quartus II 32-bit Version          ; 11.1 Build 216 11/23/2011 SP 1 SJ Web Edition ;
; Revision Name                      ; BeInMotion                                    ;
; Top-level Entity Name              ; BeInMotion                                    ;
; Family                             ; Cyclone IV E                                  ;
; Device                             ; EP4CE22F17C7                                  ;
; Timing Models                      ; Final                                         ;
; Total logic elements               ; 7,318 / 22,320 ( 33 % )                       ;
;     Total combinational functions  ; 5,730 / 22,320 ( 26 % )                       ;
;     Dedicated logic registers      ; 4,512 / 22,320 ( 20 % )                       ;
; Total registers                    ; 4512                                          ;
; Total pins                         ; 64 / 154 ( 42 % )                             ;
; Total virtual pins                 ; 0                                             ;
; Total memory bits                  ; 339,456 / 608,256 ( 56 % )                    ;
; Embedded Multiplier 9-bit elements ; 36 / 132 ( 27 % )                             ;
; Total PLLs                         ; 1 / 4 ( 25 % )                                ;
+------------------------------------+-----------------------------------------------+


+-----------------------------------------+
; Flow Settings                           ;
+-------------------+---------------------+
; Option            ; Setting             ;
+-------------------+---------------------+
; Start date & time ; 02/06/2013 19:25:13 ;
; Main task         ; Compilation         ;
; Revision Name     ; BeInMotion          ;
+-------------------+---------------------+


+----------------------------------------------------------------------------------------------------------------------------+
; Flow Non-Default Global Settings                                                                                           ;
+-----------------------------------------+---------------------------------------+---------------+-------------+------------+
; Assignment Name                         ; Value                                 ; Default Value ; Entity Name ; Section Id ;
+-----------------------------------------+---------------------------------------+---------------+-------------+------------+
; AUTO_SHIFT_REGISTER_RECOGNITION         ; Off                                   ; Auto          ; --          ; --         ;
; COMPILER_SIGNATURE_ID                   ; 10513829224.136019671301752           ; --            ; --          ; --         ;
; ENABLE_SIGNALTAP                        ; On                                    ; --            ; --          ; --         ;
; FITTER_EFFORT                           ; Standard Fit                          ; Auto Fit      ; --          ; --         ;
; MAX_CORE_JUNCTION_TEMP                  ; 85                                    ; --            ; --          ; --         ;
; MIN_CORE_JUNCTION_TEMP                  ; 0                                     ; --            ; --          ; --         ;
; NOMINAL_CORE_SUPPLY_VOLTAGE             ; 1.2V                                  ; --            ; --          ; --         ;
; OPTIMIZE_MULTI_CORNER_TIMING            ; On                                    ; Off           ; --          ; --         ;
; PARTITION_COLOR                         ; 16764057                              ; --            ; --          ; Top        ;
; PARTITION_FITTER_PRESERVATION_LEVEL     ; PLACEMENT_AND_ROUTING                 ; --            ; --          ; Top        ;
; PARTITION_NETLIST_TYPE                  ; SOURCE                                ; --            ; --          ; Top        ;
; PHYSICAL_SYNTHESIS_COMBO_LOGIC          ; On                                    ; Off           ; --          ; --         ;
; PHYSICAL_SYNTHESIS_EFFORT               ; Extra                                 ; Normal        ; --          ; --         ;
; PHYSICAL_SYNTHESIS_REGISTER_DUPLICATION ; On                                    ; Off           ; --          ; --         ;
; PHYSICAL_SYNTHESIS_REGISTER_RETIMING    ; On                                    ; Off           ; --          ; --         ;
; POWER_BOARD_THERMAL_MODEL               ; None (CONSERVATIVE)                   ; --            ; --          ; --         ;
; POWER_PRESET_COOLING_SOLUTION           ; 23 MM HEAT SINK WITH 200 LFPM AIRFLOW ; --            ; --          ; --         ;
; ROUTER_TIMING_OPTIMIZATION_LEVEL        ; MAXIMUM                               ; Normal        ; --          ; --         ;
; SYNTH_PROTECT_SDC_CONSTRAINT            ; On                                    ; Off           ; --          ; --         ;
; SYNTH_TIMING_DRIVEN_SYNTHESIS           ; Off                                   ; On            ; --          ; --         ;
; USE_SIGNALTAP_FILE                      ; stp1.stp                              ; --            ; --          ; --         ;
+-----------------------------------------+---------------------------------------+---------------+-------------+------------+


+-------------------------------------------------------------------------------------------------------------------------------+
; Flow Elapsed Time                                                                                                             ;
+---------------------------+--------------+-------------------------+---------------------+------------------------------------+
; Module Name               ; Elapsed Time ; Average Processors Used ; Peak Virtual Memory ; Total CPU Time (on all processors) ;
+---------------------------+--------------+-------------------------+---------------------+------------------------------------+
; Analysis & Synthesis      ; 00:04:42     ; 1.0                     ; 414 MB              ; 00:03:53                           ;
; Fitter                    ; 00:06:46     ; 1.0                     ; 508 MB              ; 00:06:25                           ;
; Assembler                 ; 00:00:05     ; 1.0                     ; 326 MB              ; 00:00:04                           ;
; TimeQuest Timing Analyzer ; 00:00:30     ; 1.0                     ; 374 MB              ; 00:00:25                           ;
; Total                     ; 00:12:03     ; --                      ; --                  ; 00:10:47                           ;
+---------------------------+--------------+-------------------------+---------------------+------------------------------------+


+----------------------------------------------------------------------------------------+
; Flow OS Summary                                                                        ;
+---------------------------+------------------+-----------+------------+----------------+
; Module Name               ; Machine Hostname ; OS Name   ; OS Version ; Processor type ;
+---------------------------+------------------+-----------+------------+----------------+
; Analysis & Synthesis      ; home-PC4         ; Windows 7 ; 6.1        ; x86_64         ;
; Fitter                    ; home-PC4         ; Windows 7 ; 6.1        ; x86_64         ;
; Assembler                 ; home-PC4         ; Windows 7 ; 6.1        ; x86_64         ;
; TimeQuest Timing Analyzer ; home-PC4         ; Windows 7 ; 6.1        ; x86_64         ;
+---------------------------+------------------+-----------+------------+----------------+


------------
; Flow Log ;
------------
quartus_map --read_settings_files=on --write_settings_files=off BeInMotion -c BeInMotion
quartus_fit --read_settings_files=off --write_settings_files=off BeInMotion -c BeInMotion
quartus_asm --read_settings_files=off --write_settings_files=off BeInMotion -c BeInMotion
quartus_sta BeInMotion -c BeInMotion



